# JRE version: OpenJDK Runtime Environment Microsoft-12574459 (21.0.9+10) (build 21.0.9+10-LTS)
# Java VM: OpenJDK 64-Bit Server VM Microsoft-12574459 (21.0.9+10-LTS, mixed mode, emulated-client, sharing, tiered, compressed oops, compressed class ptrs, g1 gc, windows-amd64)
GC Precious Log:
 CardTable entry size: 512
 Card Set container configuration: InlinePtr #cards 5 size 8 Array Of Cards #cards 12 size 40 Howl #buckets 4 coarsen threshold 1843 Howl Bitmap #cards 512 size 80 coarsen threshold 460 Card regions per heap region 1 cards per card region 2048
 CPUs: 8 total, 8 available
 Memory: 7975M
 Large Page Support: Disabled
 NUMA Support: Disabled
 Compressed Oops: Enabled (32-bit)
 Heap Region Size: 1M
 Heap Min Capacity: 8M
 Heap Initial Capacity: 126M
 Heap Max Capacity: 1994M
 Pre-touch: Disabled
 Parallel Workers: 8
 Concurrent Workers: 2
 Concurrent Refinement Workers: 8
 Periodic GC: Disabled
Heap:
 garbage-first heap   total 70656K, used 55444K [0x0000000083600000, 0x0000000100000000)
  region size 1024K, 24 young (24576K), 3 survivors (3072K)
 Metaspace       used 81681K, committed 82560K, reserved 1179648K
  class space    used 11547K, committed 11904K, reserved 1048576K
GC Heap History (20 events):
Event: 3.798 GC heap before
{Heap before GC invocations=6 (full 0):
 garbage-first heap   total 48128K, used 38253K [0x0000000083600000, 0x0000000100000000)
  region size 1024K, 22 young (22528K), 2 survivors (2048K)
 Metaspace       used 28040K, committed 28544K, reserved 1114112K
  class space    used 3868K, committed 4096K, reserved 1048576K
}
Event: 3.802 GC heap after
{Heap after GC invocations=7 (full 0):
 garbage-first heap   total 58368K, used 19403K [0x0000000083600000, 0x0000000100000000)
  region size 1024K, 3 young (3072K), 3 survivors (3072K)
 Metaspace       used 28040K, committed 28544K, reserved 1114112K
  class space    used 3868K, committed 4096K, reserved 1048576K
}
Event: 4.160 GC heap before
{Heap before GC invocations=7 (full 0):
 garbage-first heap   total 58368K, used 48075K [0x0000000083600000, 0x0000000100000000)
  region size 1024K, 31 young (31744K), 3 survivors (3072K)
 Metaspace       used 32942K, committed 33536K, reserved 1114112K
  class space    used 4546K, committed 4800K, reserved 1048576K
}
Event: 4.164 GC heap after
{Heap after GC invocations=8 (full 0):
 garbage-first heap   total 58368K, used 22232K [0x0000000083600000, 0x0000000100000000)
  region size 1024K, 4 young (4096K), 4 survivors (4096K)
 Metaspace       used 32942K, committed 33536K, reserved 1114112K
  class space    used 4546K, committed 4800K, reserved 1048576K
}
Event: 4.294 GC heap before
{Heap before GC invocations=8 (full 0):
 garbage-first heap   total 58368K, used 29400K [0x0000000083600000, 0x0000000100000000)
  region size 1024K, 12 young (12288K), 4 survivors (4096K)
 Metaspace       used 35471K, committed 36096K, reserved 1114112K
  class space    used 4822K, committed 5056K, reserved 1048576K
}
Event: 4.297 GC heap after
{Heap after GC invocations=9 (full 0):
 garbage-first heap   total 58368K, used 23761K [0x0000000083600000, 0x0000000100000000)
  region size 1024K, 2 young (2048K), 2 survivors (2048K)
 Metaspace       used 35471K, committed 36096K, reserved 1114112K
  class space    used 4822K, committed 5056K, reserved 1048576K
}
Event: 5.078 GC heap before
{Heap before GC invocations=10 (full 0):
 garbage-first heap   total 58368K, used 46289K [0x0000000083600000, 0x0000000100000000)
  region size 1024K, 25 young (25600K), 2 survivors (2048K)
 Metaspace       used 42979K, committed 43648K, reserved 1114112K
  class space    used 5787K, committed 6080K, reserved 1048576K
}
Event: 5.081 GC heap after
{Heap after GC invocations=11 (full 0):
 garbage-first heap   total 58368K, used 25521K [0x0000000083600000, 0x0000000100000000)
  region size 1024K, 3 young (3072K), 3 survivors (3072K)
 Metaspace       used 42979K, committed 43648K, reserved 1114112K
  class space    used 5787K, committed 6080K, reserved 1048576K
}
Event: 5.333 GC heap before
{Heap before GC invocations=11 (full 0):
 garbage-first heap   total 58368K, used 49073K [0x0000000083600000, 0x0000000100000000)
  region size 1024K, 26 young (26624K), 3 survivors (3072K)
 Metaspace       used 47783K, committed 48448K, reserved 1114112K
  class space    used 6750K, committed 7040K, reserved 1048576K
}
Event: 5.336 GC heap after
{Heap after GC invocations=12 (full 0):
 garbage-first heap   total 58368K, used 27116K [0x0000000083600000, 0x0000000100000000)
  region size 1024K, 4 young (4096K), 4 survivors (4096K)
 Metaspace       used 47783K, committed 48448K, reserved 1114112K
  class space    used 6750K, committed 7040K, reserved 1048576K
}
Event: 5.625 GC heap before
{Heap before GC invocations=12 (full 0):
 garbage-first heap   total 58368K, used 48620K [0x0000000083600000, 0x0000000100000000)
  region size 1024K, 26 young (26624K), 4 survivors (4096K)
 Metaspace       used 53635K, committed 54272K, reserved 1114112K
  class space    used 7514K, committed 7808K, reserved 1048576K
}
Event: 5.630 GC heap after
{Heap after GC invocations=13 (full 0):
 garbage-first heap   total 70656K, used 28343K [0x0000000083600000, 0x0000000100000000)
  region size 1024K, 3 young (3072K), 3 survivors (3072K)
 Metaspace       used 53635K, committed 54272K, reserved 1114112K
  class space    used 7514K, committed 7808K, reserved 1048576K
}
Event: 5.874 GC heap before
{Heap before GC invocations=13 (full 0):
 garbage-first heap   total 70656K, used 49847K [0x0000000083600000, 0x0000000100000000)
  region size 1024K, 26 young (26624K), 3 survivors (3072K)
 Metaspace       used 59969K, committed 60608K, reserved 1114112K
  class space    used 8260K, committed 8512K, reserved 1048576K
}
Event: 5.877 GC heap after
{Heap after GC invocations=14 (full 0):
 garbage-first heap   total 70656K, used 29154K [0x0000000083600000, 0x0000000100000000)
  region size 1024K, 2 young (2048K), 2 survivors (2048K)
 Metaspace       used 59969K, committed 60608K, reserved 1114112K
  class space    used 8260K, committed 8512K, reserved 1048576K
}
Event: 6.304 GC heap before
{Heap before GC invocations=15 (full 0):
 garbage-first heap   total 70656K, used 61922K [0x0000000083600000, 0x0000000100000000)
  region size 1024K, 34 young (34816K), 2 survivors (2048K)
 Metaspace       used 68394K, committed 69056K, reserved 1114112K
  class space    used 9710K, committed 9984K, reserved 1048576K
}
Event: 6.308 GC heap after
{Heap after GC invocations=16 (full 0):
 garbage-first heap   total 70656K, used 30303K [0x0000000083600000, 0x0000000100000000)
  region size 1024K, 4 young (4096K), 4 survivors (4096K)
 Metaspace       used 68394K, committed 69056K, reserved 1114112K
  class space    used 9710K, committed 9984K, reserved 1048576K
}
Event: 12.751 GC heap before
{Heap before GC invocations=16 (full 0):
 garbage-first heap   total 70656K, used 61023K [0x0000000083600000, 0x0000000100000000)
  region size 1024K, 35 young (35840K), 4 survivors (4096K)
 Metaspace       used 73054K, committed 73856K, reserved 1114112K
  class space    used 10342K, committed 10688K, reserved 1048576K
}
Event: 12.757 GC heap after
{Heap after GC invocations=17 (full 0):
 garbage-first heap   total 70656K, used 32796K [0x0000000083600000, 0x0000000100000000)
  region size 1024K, 5 young (5120K), 5 survivors (5120K)
 Metaspace       used 73054K, committed 73856K, reserved 1114112K
  class space    used 10342K, committed 10688K, reserved 1048576K
}
Event: 13.174 GC heap before
{Heap before GC invocations=17 (full 0):
 garbage-first heap   total 70656K, used 62492K [0x0000000083600000, 0x0000000100000000)
  region size 1024K, 34 young (34816K), 5 survivors (5120K)
 Metaspace       used 76703K, committed 77504K, reserved 1179648K
  class space    used 10923K, committed 11264K, reserved 1048576K
}
Event: 13.178 GC heap after
{Heap after GC invocations=18 (full 0):
 garbage-first heap   total 70656K, used 34964K [0x0000000083600000, 0x0000000100000000)
  region size 1024K, 3 young (3072K), 3 survivors (3072K)
 Metaspace       used 76703K, committed 77504K, reserved 1179648K
  class space    used 10923K, committed 11264K, reserved 1048576K
}

